[12:00:00] [Server thread/INFO]: Starting minecraft server version 1.17.1
[12:00:01] [Server thread/INFO]: Loading properties
[12:00:01] [Server thread/INFO]: Default game type: SURVIVAL
[12:00:01] [Server thread/INFO]: Generating keypair
[12:00:01] [Server thread/INFO]: Starting Minecraft server on *:25565
[12:00:01] [Server thread/INFO]: Using default channel type
[12:00:02] [Server thread/INFO]: Preparing level "world"
[12:00:02] [Server thread/INFO]: Preparing start region for level 0
[12:00:02] [Server thread/DEBUG]: Debugging start region preparation
[12:00:03] [Server thread/INFO]: Done (1.234s)! For help, type "help"
[12:00:03] [Server thread/WARN]: Low memory warning
[12:00:04] [Server thread/INFO]: UUID of player Alex is 123e4567-e89b-12d3-a456-426614174000
[12:00:04] [Server thread/INFO]: Alex[/192.168.1.2:12345] logged in with entity id 123 at (0.0, 64.0, 0.0)
[12:00:04] [Server thread/INFO]: Alex joined the game
[12:00:05] [Server thread/ERROR]: Failed to load plugin 'examplePlugin'
[12:00:10] [Server thread/INFO]: Saving the game (this may take a moment!)
[12:00:10] [Server thread/INFO]: Saved the game
[12:00:20] [Server thread/INFO]: Alex lost connection: Disconnected
[12:00:20] [Server thread/INFO]: Alex left the game
[12:00:25] [Server thread/DEBUG]: Debugging player disconnection
[12:00:30] [Server thread/INFO]: Stopping the server
[12:00:30] [Server thread/INFO]: Saving players
[12:00:30] [Server thread/INFO]: Saving worlds
[12:00:30] [Server thread/INFO]: Saving chunks for level 'world'/minecraft:overworld
[12:00:31] [Server thread/INFO]: ThreadedAnvilChunkStorage (world): All chunks are saved
[12:00:31] [Server thread/INFO]: ThreadedAnvilChunkStorage (DIM-1): All chunks are saved
[12:00:31] [Server thread/INFO]: ThreadedAnvilChunkStorage (DIM1): All chunks are saved
[12:00:31] [Server thread/DEBUG]: Server shutdown complete
[12:00:00] [Server thread/INFO]: Starting minecraft server version 1.17.1
[12:00:01] [Server thread/INFO]: Loading properties
[12:00:01] [Server thread/INFO]: Default game type: SURVIVAL
[12:00:01] [Server thread/INFO]: Generating keypair
[12:00:01] [Server thread/INFO]: Starting Minecraft server on *:25565
[12:00:01] [Server thread/INFO]: Using default channel type
[12:00:02] [Server thread/INFO]: Preparing level "world"
[12:00:02] [Server thread/INFO]: Preparing start region for level 0
[12:00:02] [Server thread/DEBUG]: Debugging start region preparation
[12:00:03] [Server thread/INFO]: Done (1.234s)! For help, type "help"
[12:00:03] [Server thread/WARN]: Low memory warning
[12:00:04] [Server thread/INFO]: UUID of player Alex is 123e4567-e89b-12d3-a456-426614174000
[12:00:04] [Server thread/INFO]: Alex[/192.168.1.2:12345] logged in with entity id 123 at (0.0, 64.0, 0.0)
[12:00:04] [Server thread/INFO]: Alex joined the game
[12:00:05] [Server thread/ERROR]: Failed to load plugin 'examplePlugin'
[12:00:10] [Server thread/INFO]: Saving the game (this may take a moment!)
[12:00:10] [Server thread/INFO]: Saved the game
[12:00:20] [Server thread/INFO]: Alex lost connection: Disconnected
[12:00:20] [Server thread/INFO]: Alex left the game
[12:00:25] [Server thread/DEBUG]: Debugging player disconnection
[12:00:30] [Server thread/INFO]: Stopping the server
[12:00:30] [Server thread/INFO]: Saving players
[12:00:30] [Server thread/INFO]: Saving worlds
[12:00:30] [Server thread/INFO]: Saving chunks for level 'world'/minecraft:overworld
[12:00:31] [Server thread/INFO]: ThreadedAnvilChunkStorage (world): All chunks are saved
[12:00:31] [Server thread/INFO]: ThreadedAnvilChunkStorage (DIM-1): All chunks are saved
[12:00:31] [Server thread/INFO]: ThreadedAnvilChunkStorage (DIM1): All chunks are saved
[12:00:31] [Server thread/DEBUG]: Server shutdown complete
[12:00:00] [Server thread/INFO]: Starting minecraft server version 1.17.1
[12:00:01] [Server thread/INFO]: Loading properties
[12:00:01] [Server thread/INFO]: Default game type: SURVIVAL
[12:00:01] [Server thread/INFO]: Generating keypair
[12:00:01] [Server thread/INFO]: Starting Minecraft server on *:25565
[12:00:01] [Server thread/INFO]: Using default channel type
[12:00:02] [Server thread/INFO]: Preparing level "world"
[12:00:02] [Server thread/INFO]: Preparing start region for level 0
[12:00:02] [Server thread/DEBUG]: Debugging start region preparation
[12:00:03] [Server thread/INFO]: Done (1.234s)! For help, type "help"
[12:00:03] [Server thread/WARN]: Low memory warning
[12:00:04] [Server thread/INFO]: UUID of player Alex is 123e4567-e89b-12d3-a456-426614174000
[12:00:04] [Server thread/INFO]: Alex[/192.168.1.2:12345] logged in with entity id 123 at (0.0, 64.0, 0.0)
[12:00:04] [Server thread/INFO]: Alex joined the game
[12:00:05] [Server thread/ERROR]: Failed to load plugin 'examplePlugin'
[12:00:10] [Server thread/INFO]: Saving the game (this may take a moment!)
[12:00:10] [Server thread/INFO]: Saved the game
[12:00:20] [Server thread/INFO]: Alex lost connection: Disconnected
[12:00:20] [Server thread/INFO]: Alex left the game
[12:00:25] [Server thread/DEBUG]: Debugging player disconnection
[12:00:30] [Server thread/INFO]: Stopping the server
[12:00:30] [Server thread/INFO]: Saving players
[12:00:30] [Server thread/INFO]: Saving worlds
[12:00:30] [Server thread/INFO]: Saving chunks for level 'world'/minecraft:overworld
[12:00:31] [Server thread/INFO]: ThreadedAnvilChunkStorage (world): All chunks are saved
[12:00:31] [Server thread/INFO]: ThreadedAnvilChunkStorage (DIM-1): All chunks are saved
[12:00:31] [Server thread/INFO]: ThreadedAnvilChunkStorage (DIM1): All chunks are saved
[12:00:31] [Server thread/DEBUG]: Server shutdown complete
[12:00:00] [Server thread/INFO]: Starting minecraft server version 1.17.1
[12:00:01] [Server thread/INFO]: Loading properties
[12:00:01] [Server thread/INFO]: Default game type: SURVIVAL
[12:00:01] [Server thread/INFO]: Generating keypair
[12:00:01] [Server thread/INFO]: Starting Minecraft server on *:25565
[12:00:01] [Server thread/INFO]: Using default channel type
[12:00:02] [Server thread/INFO]: Preparing level "world"
[12:00:02] [Server thread/INFO]: Preparing start region for level 0
[12:00:02] [Server thread/DEBUG]: Debugging start region preparation
[12:00:03] [Server thread/INFO]: Done (1.234s)! For help, type "help"
[12:00:03] [Server thread/WARN]: Low memory warning
[12:00:04] [Server thread/INFO]: UUID of player Alex is 123e4567-e89b-12d3-a456-426614174000
[12:00:04] [Server thread/INFO]: Alex[/192.168.1.2:12345] logged in with entity id 123 at (0.0, 64.0, 0.0)
[12:00:04] [Server thread/INFO]: Alex joined the game
[12:00:05] [Server thread/ERROR]: Failed to load plugin 'examplePlugin'
[12:00:10] [Server thread/INFO]: Saving the game (this may take a moment!)
[12:00:10] [Server thread/INFO]: Saved the game
[12:00:20] [Server thread/INFO]: Alex lost connection: Disconnected
[12:00:20] [Server thread/INFO]: Alex left the game
[12:00:25] [Server thread/DEBUG]: Debugging player disconnection
[12:00:30] [Server thread/INFO]: Stopping the server
[12:00:30] [Server thread/INFO]: Saving players
[12:00:30] [Server thread/INFO]: Saving worlds
[12:00:30] [Server thread/INFO]: Saving chunks for level 'world'/minecraft:overworld
[12:00:31] [Server thread/INFO]: ThreadedAnvilChunkStorage (world): All chunks are saved
[12:00:31] [Server thread/INFO]: ThreadedAnvilChunkStorage (DIM-1): All chunks are saved
[12:00:31] [Server thread/INFO]: ThreadedAnvilChunkStorage (DIM1): All chunks are saved
[12:00:31] [Server thread/DEBUG]: Server shutdown complete
